# JRE version: OpenJDK Runtime Environment (21.0.8) (build 21.0.8+-14018985-b1038.68)
# Java VM: OpenJDK 64-Bit Server VM (21.0.8+-14018985-b1038.68, mixed mode, tiered, compressed oops, compressed class ptrs, g1 gc, windows-amd64)
GC Precious Log:
 CardTable entry size: 512
 Card Set container configuration: InlinePtr #cards 4 size 8 Array Of Cards #cards 16 size 48 Howl #buckets 8 coarsen threshold 3686 Howl Bitmap #cards 512 size 80 coarsen threshold 460 Card regions per heap region 1 cards per card region 4096
 CPUs: 4 total, 4 available
 Memory: 3909M
 Large Page Support: Disabled
 NUMA Support: Disabled
 Compressed Oops: Enabled (Zero based)
 Heap Region Size: 2M
 Heap Min Capacity: 8M
 Heap Initial Capacity: 62M
 Heap Max Capacity: 4G
 Pre-touch: Disabled
 Parallel Workers: 4
 Concurrent Workers: 1
 Concurrent Refinement Workers: 4
 Periodic GC: Disabled
Heap:
 garbage-first heap   total 196608K, used 175131K [0x0000000700000000, 0x0000000800000000)
  region size 2048K, 41 young (83968K), 1 survivors (2048K)
 Metaspace       used 66171K, committed 67712K, reserved 491520K
  class space    used 9292K, committed 10048K, reserved 425984K
GC Heap History (20 events):
Event: 115.357 GC heap before
{Heap before GC invocations=46 (full 0):
 garbage-first heap   total 163840K, used 149634K [0x0000000700000000, 0x0000000800000000)
  region size 2048K, 29 young (59392K), 2 survivors (4096K)
 Metaspace       used 65663K, committed 67136K, reserved 491520K
  class space    used 9251K, committed 9984K, reserved 425984K
}
Event: 115.366 GC heap after
{Heap after GC invocations=47 (full 0):
 garbage-first heap   total 163840K, used 95242K [0x0000000700000000, 0x0000000800000000)
  region size 2048K, 3 young (6144K), 3 survivors (6144K)
 Metaspace       used 65663K, committed 67136K, reserved 491520K
  class space    used 9251K, committed 9984K, reserved 425984K
}
Event: 115.938 GC heap before
{Heap before GC invocations=48 (full 0):
 garbage-first heap   total 163840K, used 146442K [0x0000000700000000, 0x0000000800000000)
  region size 2048K, 28 young (57344K), 3 survivors (6144K)
 Metaspace       used 65665K, committed 67136K, reserved 491520K
  class space    used 9252K, committed 9984K, reserved 425984K
}
Event: 115.945 GC heap after
{Heap after GC invocations=49 (full 0):
 garbage-first heap   total 163840K, used 95430K [0x0000000700000000, 0x0000000800000000)
  region size 2048K, 3 young (6144K), 3 survivors (6144K)
 Metaspace       used 65665K, committed 67136K, reserved 491520K
  class space    used 9252K, committed 9984K, reserved 425984K
}
Event: 116.945 GC heap before
{Heap before GC invocations=49 (full 0):
 garbage-first heap   total 163840K, used 144582K [0x0000000700000000, 0x0000000800000000)
  region size 2048K, 28 young (57344K), 3 survivors (6144K)
 Metaspace       used 65665K, committed 67136K, reserved 491520K
  class space    used 9252K, committed 9984K, reserved 425984K
}
Event: 116.959 GC heap after
{Heap after GC invocations=50 (full 0):
 garbage-first heap   total 163840K, used 95762K [0x0000000700000000, 0x0000000800000000)
  region size 2048K, 3 young (6144K), 3 survivors (6144K)
 Metaspace       used 65665K, committed 67136K, reserved 491520K
  class space    used 9252K, committed 9984K, reserved 425984K
}
Event: 117.975 GC heap before
{Heap before GC invocations=50 (full 0):
 garbage-first heap   total 163840K, used 146962K [0x0000000700000000, 0x0000000800000000)
  region size 2048K, 28 young (57344K), 3 survivors (6144K)
 Metaspace       used 65666K, committed 67200K, reserved 491520K
  class space    used 9252K, committed 9984K, reserved 425984K
}
Event: 117.984 GC heap after
{Heap after GC invocations=51 (full 0):
 garbage-first heap   total 163840K, used 96372K [0x0000000700000000, 0x0000000800000000)
  region size 2048K, 3 young (6144K), 3 survivors (6144K)
 Metaspace       used 65666K, committed 67200K, reserved 491520K
  class space    used 9252K, committed 9984K, reserved 425984K
}
Event: 118.745 GC heap before
{Heap before GC invocations=52 (full 0):
 garbage-first heap   total 163840K, used 145524K [0x0000000700000000, 0x0000000800000000)
  region size 2048K, 28 young (57344K), 3 survivors (6144K)
 Metaspace       used 65668K, committed 67200K, reserved 491520K
  class space    used 9252K, committed 9984K, reserved 425984K
}
Event: 118.754 GC heap after
{Heap after GC invocations=53 (full 0):
 garbage-first heap   total 163840K, used 97108K [0x0000000700000000, 0x0000000800000000)
  region size 2048K, 3 young (6144K), 3 survivors (6144K)
 Metaspace       used 65668K, committed 67200K, reserved 491520K
  class space    used 9252K, committed 9984K, reserved 425984K
}
Event: 119.291 GC heap before
{Heap before GC invocations=53 (full 0):
 garbage-first heap   total 163840K, used 146260K [0x0000000700000000, 0x0000000800000000)
  region size 2048K, 28 young (57344K), 3 survivors (6144K)
 Metaspace       used 65668K, committed 67200K, reserved 491520K
  class space    used 9252K, committed 9984K, reserved 425984K
}
Event: 119.305 GC heap after
{Heap after GC invocations=54 (full 0):
 garbage-first heap   total 163840K, used 97110K [0x0000000700000000, 0x0000000800000000)
  region size 2048K, 3 young (6144K), 3 survivors (6144K)
 Metaspace       used 65668K, committed 67200K, reserved 491520K
  class space    used 9252K, committed 9984K, reserved 425984K
}
Event: 119.936 GC heap before
{Heap before GC invocations=54 (full 0):
 garbage-first heap   total 163840K, used 144214K [0x0000000700000000, 0x0000000800000000)
  region size 2048K, 27 young (55296K), 3 survivors (6144K)
 Metaspace       used 65668K, committed 67200K, reserved 491520K
  class space    used 9252K, committed 9984K, reserved 425984K
}
Event: 119.947 GC heap after
{Heap after GC invocations=55 (full 0):
 garbage-first heap   total 196608K, used 98017K [0x0000000700000000, 0x0000000800000000)
  region size 2048K, 3 young (6144K), 3 survivors (6144K)
 Metaspace       used 65668K, committed 67200K, reserved 491520K
  class space    used 9252K, committed 9984K, reserved 425984K
}
Event: 122.921 GC heap before
{Heap before GC invocations=56 (full 0):
 garbage-first heap   total 196608K, used 175841K [0x0000000700000000, 0x0000000800000000)
  region size 2048K, 41 young (83968K), 3 survivors (6144K)
 Metaspace       used 65803K, committed 67392K, reserved 491520K
  class space    used 9275K, committed 10048K, reserved 425984K
}
Event: 122.926 GC heap after
{Heap after GC invocations=57 (full 0):
 garbage-first heap   total 196608K, used 97598K [0x0000000700000000, 0x0000000800000000)
  region size 2048K, 1 young (2048K), 1 survivors (2048K)
 Metaspace       used 65803K, committed 67392K, reserved 491520K
  class space    used 9275K, committed 10048K, reserved 425984K
}
Event: 123.906 GC heap before
{Heap before GC invocations=57 (full 0):
 garbage-first heap   total 196608K, used 181566K [0x0000000700000000, 0x0000000800000000)
  region size 2048K, 42 young (86016K), 1 survivors (2048K)
 Metaspace       used 65804K, committed 67392K, reserved 491520K
  class space    used 9275K, committed 10048K, reserved 425984K
}
Event: 123.914 GC heap after
{Heap after GC invocations=58 (full 0):
 garbage-first heap   total 196608K, used 96952K [0x0000000700000000, 0x0000000800000000)
  region size 2048K, 2 young (4096K), 2 survivors (4096K)
 Metaspace       used 65804K, committed 67392K, reserved 491520K
  class space    used 9275K, committed 10048K, reserved 425984K
}
Event: 124.587 GC heap before
{Heap before GC invocations=58 (full 0):
 garbage-first heap   total 196608K, used 160440K [0x0000000700000000, 0x0000000800000000)
  region size 2048K, 34 young (69632K), 2 survivors (4096K)
 Metaspace       used 65838K, committed 67392K, reserved 491520K
  class space    used 9279K, committed 10048K, reserved 425984K
}
Event: 124.593 GC heap after
{Heap after GC invocations=59 (full 0):
 garbage-first heap   total 196608K, used 93211K [0x0000000700000000, 0x0000000800000000)
  region size 2048K, 1 young (2048K), 1 survivors (2048K)
 Metaspace       used 65838K, committed 67392K, reserved 491520K
  class space    used 9279K, committed 10048K, reserved 425984K
}

