# JRE version: OpenJDK Runtime Environment Temurin-21.0.8+9 (21.0.8+9) (build 21.0.8+9-LTS)
# Java VM: OpenJDK 64-Bit Server VM Temurin-21.0.8+9 (21.0.8+9-LTS, mixed mode, sharing, tiered, compressed oops, compressed class ptrs, parallel gc, windows-amd64)
GC Precious Log:
 CardTable entry size: 512
 CPUs: 4 total, 4 available
 Memory: 3909M
 Large Page Support: Disabled
 NUMA Support: Disabled
 Compressed Oops: Enabled (32-bit)
 Alignments: Space 512K, Generation 512K, Heap 2M
 Heap Min Capacity: 100M
 Heap Initial Capacity: 100M
 Heap Max Capacity: 2G
 Pre-touch: Disabled
 Parallel Workers: 4
Heap:
 PSYoungGen      total 3072K, used 573K [0x00000000d5580000, 0x00000000d5d80000, 0x0000000100000000)
  eden space 2560K, 12% used [0x00000000d5580000,0x00000000d55cf468,0x00000000d5800000)
  from space 512K, 50% used [0x00000000d5c80000,0x00000000d5cc0010,0x00000000d5d00000)
  to   space 512K, 0% used [0x00000000d5d00000,0x00000000d5d00000,0x00000000d5d80000)
 ParOldGen       total 93184K, used 92921K [0x0000000080000000, 0x0000000085b00000, 0x00000000d5580000)
  object space 93184K, 99% used [0x0000000080000000,0x0000000085abe480,0x0000000085b00000)
 Metaspace       used 63645K, committed 64896K, reserved 1114112K
  class space    used 7394K, committed 7872K, reserved 1048576K
GC Heap History (20 events):
Event: 59.045 GC heap before
{Heap before GC invocations=201 (full 3):
 PSYoungGen      total 3072K, used 2752K [0x00000000d5580000, 0x00000000d5d80000, 0x0000000100000000)
  eden space 2560K, 100% used [0x00000000d5580000,0x00000000d5800000,0x00000000d5800000)
  from space 512K, 37% used [0x00000000d5c80000,0x00000000d5cb0000,0x00000000d5d00000)
  to   space 512K, 0% used [0x00000000d5d00000,0x00000000d5d00000,0x00000000d5d80000)
 ParOldGen       total 92160K, used 91664K [0x0000000080000000, 0x0000000085a00000, 0x00000000d5580000)
  object space 92160K, 99% used [0x0000000080000000,0x00000000859843f0,0x0000000085a00000)
 Metaspace       used 63319K, committed 64640K, reserved 1114112K
  class space    used 7382K, committed 7872K, reserved 1048576K
}
Event: 59.048 GC heap after
{Heap after GC invocations=201 (full 3):
 PSYoungGen      total 3072K, used 228K [0x00000000d5580000, 0x00000000d5d80000, 0x0000000100000000)
  eden space 2560K, 0% used [0x00000000d5580000,0x00000000d5580000,0x00000000d5800000)
  from space 512K, 44% used [0x00000000d5d00000,0x00000000d5d39010,0x00000000d5d80000)
  to   space 512K, 0% used [0x00000000d5c80000,0x00000000d5c80000,0x00000000d5d00000)
 ParOldGen       total 92160K, used 91784K [0x0000000080000000, 0x0000000085a00000, 0x00000000d5580000)
  object space 92160K, 99% used [0x0000000080000000,0x00000000859a23f0,0x0000000085a00000)
 Metaspace       used 63319K, committed 64640K, reserved 1114112K
  class space    used 7382K, committed 7872K, reserved 1048576K
}
Event: 59.139 GC heap before
{Heap before GC invocations=202 (full 3):
 PSYoungGen      total 3072K, used 2788K [0x00000000d5580000, 0x00000000d5d80000, 0x0000000100000000)
  eden space 2560K, 100% used [0x00000000d5580000,0x00000000d5800000,0x00000000d5800000)
  from space 512K, 44% used [0x00000000d5d00000,0x00000000d5d39010,0x00000000d5d80000)
  to   space 512K, 0% used [0x00000000d5c80000,0x00000000d5c80000,0x00000000d5d00000)
 ParOldGen       total 92160K, used 91784K [0x0000000080000000, 0x0000000085a00000, 0x00000000d5580000)
  object space 92160K, 99% used [0x0000000080000000,0x00000000859a23f0,0x0000000085a00000)
 Metaspace       used 63396K, committed 64640K, reserved 1114112K
  class space    used 7386K, committed 7872K, reserved 1048576K
}
Event: 59.142 GC heap after
{Heap after GC invocations=202 (full 3):
 PSYoungGen      total 3072K, used 224K [0x00000000d5580000, 0x00000000d5d80000, 0x0000000100000000)
  eden space 2560K, 0% used [0x00000000d5580000,0x00000000d5580000,0x00000000d5800000)
  from space 512K, 43% used [0x00000000d5c80000,0x00000000d5cb8000,0x00000000d5d00000)
  to   space 512K, 0% used [0x00000000d5d00000,0x00000000d5d00000,0x00000000d5d80000)
 ParOldGen       total 92160K, used 91880K [0x0000000080000000, 0x0000000085a00000, 0x00000000d5580000)
  object space 92160K, 99% used [0x0000000080000000,0x00000000859ba3f0,0x0000000085a00000)
 Metaspace       used 63396K, committed 64640K, reserved 1114112K
  class space    used 7386K, committed 7872K, reserved 1048576K
}
Event: 59.243 GC heap before
{Heap before GC invocations=203 (full 3):
 PSYoungGen      total 3072K, used 2784K [0x00000000d5580000, 0x00000000d5d80000, 0x0000000100000000)
  eden space 2560K, 100% used [0x00000000d5580000,0x00000000d5800000,0x00000000d5800000)
  from space 512K, 43% used [0x00000000d5c80000,0x00000000d5cb8000,0x00000000d5d00000)
  to   space 512K, 0% used [0x00000000d5d00000,0x00000000d5d00000,0x00000000d5d80000)
 ParOldGen       total 92160K, used 91880K [0x0000000080000000, 0x0000000085a00000, 0x00000000d5580000)
  object space 92160K, 99% used [0x0000000080000000,0x00000000859ba3f0,0x0000000085a00000)
 Metaspace       used 63424K, committed 64704K, reserved 1114112K
  class space    used 7388K, committed 7872K, reserved 1048576K
}
Event: 59.245 GC heap after
{Heap after GC invocations=203 (full 3):
 PSYoungGen      total 3072K, used 192K [0x00000000d5580000, 0x00000000d5d80000, 0x0000000100000000)
  eden space 2560K, 0% used [0x00000000d5580000,0x00000000d5580000,0x00000000d5800000)
  from space 512K, 37% used [0x00000000d5d00000,0x00000000d5d30000,0x00000000d5d80000)
  to   space 512K, 0% used [0x00000000d5c80000,0x00000000d5c80000,0x00000000d5d00000)
 ParOldGen       total 92160K, used 92016K [0x0000000080000000, 0x0000000085a00000, 0x00000000d5580000)
  object space 92160K, 99% used [0x0000000080000000,0x00000000859dc3f0,0x0000000085a00000)
 Metaspace       used 63424K, committed 64704K, reserved 1114112K
  class space    used 7388K, committed 7872K, reserved 1048576K
}
Event: 59.396 GC heap before
{Heap before GC invocations=204 (full 3):
 PSYoungGen      total 3072K, used 2752K [0x00000000d5580000, 0x00000000d5d80000, 0x0000000100000000)
  eden space 2560K, 100% used [0x00000000d5580000,0x00000000d5800000,0x00000000d5800000)
  from space 512K, 37% used [0x00000000d5d00000,0x00000000d5d30000,0x00000000d5d80000)
  to   space 512K, 0% used [0x00000000d5c80000,0x00000000d5c80000,0x00000000d5d00000)
 ParOldGen       total 92160K, used 92016K [0x0000000080000000, 0x0000000085a00000, 0x00000000d5580000)
  object space 92160K, 99% used [0x0000000080000000,0x00000000859dc3f0,0x0000000085a00000)
 Metaspace       used 63451K, committed 64704K, reserved 1114112K
  class space    used 7388K, committed 7872K, reserved 1048576K
}
Event: 59.398 GC heap after
{Heap after GC invocations=204 (full 3):
 PSYoungGen      total 3072K, used 351K [0x00000000d5580000, 0x00000000d5d80000, 0x0000000100000000)
  eden space 2560K, 0% used [0x00000000d5580000,0x00000000d5580000,0x00000000d5800000)
  from space 512K, 68% used [0x00000000d5c80000,0x00000000d5cd7c00,0x00000000d5d00000)
  to   space 512K, 0% used [0x00000000d5d00000,0x00000000d5d00000,0x00000000d5d80000)
 ParOldGen       total 92672K, used 92176K [0x0000000080000000, 0x0000000085a80000, 0x00000000d5580000)
  object space 92672K, 99% used [0x0000000080000000,0x0000000085a043f0,0x0000000085a80000)
 Metaspace       used 63451K, committed 64704K, reserved 1114112K
  class space    used 7388K, committed 7872K, reserved 1048576K
}
Event: 59.466 GC heap before
{Heap before GC invocations=205 (full 3):
 PSYoungGen      total 3072K, used 2911K [0x00000000d5580000, 0x00000000d5d80000, 0x0000000100000000)
  eden space 2560K, 100% used [0x00000000d5580000,0x00000000d5800000,0x00000000d5800000)
  from space 512K, 68% used [0x00000000d5c80000,0x00000000d5cd7c00,0x00000000d5d00000)
  to   space 512K, 0% used [0x00000000d5d00000,0x00000000d5d00000,0x00000000d5d80000)
 ParOldGen       total 92672K, used 92176K [0x0000000080000000, 0x0000000085a80000, 0x00000000d5580000)
  object space 92672K, 99% used [0x0000000080000000,0x0000000085a043f0,0x0000000085a80000)
 Metaspace       used 63459K, committed 64704K, reserved 1114112K
  class space    used 7388K, committed 7872K, reserved 1048576K
}
Event: 59.469 GC heap after
{Heap after GC invocations=205 (full 3):
 PSYoungGen      total 3072K, used 192K [0x00000000d5580000, 0x00000000d5d80000, 0x0000000100000000)
  eden space 2560K, 0% used [0x00000000d5580000,0x00000000d5580000,0x00000000d5800000)
  from space 512K, 37% used [0x00000000d5d00000,0x00000000d5d30000,0x00000000d5d80000)
  to   space 512K, 0% used [0x00000000d5c80000,0x00000000d5c80000,0x00000000d5d00000)
 ParOldGen       total 92672K, used 92417K [0x0000000080000000, 0x0000000085a80000, 0x00000000d5580000)
  object space 92672K, 99% used [0x0000000080000000,0x0000000085a40410,0x0000000085a80000)
 Metaspace       used 63459K, committed 64704K, reserved 1114112K
  class space    used 7388K, committed 7872K, reserved 1048576K
}
Event: 59.854 GC heap before
{Heap before GC invocations=206 (full 3):
 PSYoungGen      total 3072K, used 2750K [0x00000000d5580000, 0x00000000d5d80000, 0x0000000100000000)
  eden space 2560K, 99% used [0x00000000d5580000,0x00000000d57ffa50,0x00000000d5800000)
  from space 512K, 37% used [0x00000000d5d00000,0x00000000d5d30000,0x00000000d5d80000)
  to   space 512K, 0% used [0x00000000d5c80000,0x00000000d5c80000,0x00000000d5d00000)
 ParOldGen       total 92672K, used 92417K [0x0000000080000000, 0x0000000085a80000, 0x00000000d5580000)
  object space 92672K, 99% used [0x0000000080000000,0x0000000085a40410,0x0000000085a80000)
 Metaspace       used 63477K, committed 64704K, reserved 1114112K
  class space    used 7388K, committed 7872K, reserved 1048576K
}
Event: 59.856 GC heap after
{Heap after GC invocations=206 (full 3):
 PSYoungGen      total 3072K, used 224K [0x00000000d5580000, 0x00000000d5d80000, 0x0000000100000000)
  eden space 2560K, 0% used [0x00000000d5580000,0x00000000d5580000,0x00000000d5800000)
  from space 512K, 43% used [0x00000000d5c80000,0x00000000d5cb8020,0x00000000d5d00000)
  to   space 512K, 0% used [0x00000000d5d00000,0x00000000d5d00000,0x00000000d5d80000)
 ParOldGen       total 92672K, used 92553K [0x0000000080000000, 0x0000000085a80000, 0x00000000d5580000)
  object space 92672K, 99% used [0x0000000080000000,0x0000000085a62410,0x0000000085a80000)
 Metaspace       used 63477K, committed 64704K, reserved 1114112K
  class space    used 7388K, committed 7872K, reserved 1048576K
}
Event: 60.088 GC heap before
{Heap before GC invocations=207 (full 3):
 PSYoungGen      total 3072K, used 2784K [0x00000000d5580000, 0x00000000d5d80000, 0x0000000100000000)
  eden space 2560K, 100% used [0x00000000d5580000,0x00000000d5800000,0x00000000d5800000)
  from space 512K, 43% used [0x00000000d5c80000,0x00000000d5cb8020,0x00000000d5d00000)
  to   space 512K, 0% used [0x00000000d5d00000,0x00000000d5d00000,0x00000000d5d80000)
 ParOldGen       total 92672K, used 92553K [0x0000000080000000, 0x0000000085a80000, 0x00000000d5580000)
  object space 92672K, 99% used [0x0000000080000000,0x0000000085a62410,0x0000000085a80000)
 Metaspace       used 63491K, committed 64768K, reserved 1114112K
  class space    used 7388K, committed 7872K, reserved 1048576K
}
Event: 60.090 GC heap after
{Heap after GC invocations=207 (full 3):
 PSYoungGen      total 3072K, used 128K [0x00000000d5580000, 0x00000000d5d80000, 0x0000000100000000)
  eden space 2560K, 0% used [0x00000000d5580000,0x00000000d5580000,0x00000000d5800000)
  from space 512K, 25% used [0x00000000d5d00000,0x00000000d5d20000,0x00000000d5d80000)
  to   space 512K, 0% used [0x00000000d5c80000,0x00000000d5c80000,0x00000000d5d00000)
 ParOldGen       total 93184K, used 92713K [0x0000000080000000, 0x0000000085b00000, 0x00000000d5580000)
  object space 93184K, 99% used [0x0000000080000000,0x0000000085a8a460,0x0000000085b00000)
 Metaspace       used 63491K, committed 64768K, reserved 1114112K
  class space    used 7388K, committed 7872K, reserved 1048576K
}
Event: 332.736 GC heap before
{Heap before GC invocations=208 (full 3):
 PSYoungGen      total 3072K, used 2688K [0x00000000d5580000, 0x00000000d5d80000, 0x0000000100000000)
  eden space 2560K, 100% used [0x00000000d5580000,0x00000000d5800000,0x00000000d5800000)
  from space 512K, 25% used [0x00000000d5d00000,0x00000000d5d20000,0x00000000d5d80000)
  to   space 512K, 0% used [0x00000000d5c80000,0x00000000d5c80000,0x00000000d5d00000)
 ParOldGen       total 93184K, used 92713K [0x0000000080000000, 0x0000000085b00000, 0x00000000d5580000)
  object space 93184K, 99% used [0x0000000080000000,0x0000000085a8a460,0x0000000085b00000)
 Metaspace       used 63554K, committed 64832K, reserved 1114112K
  class space    used 7394K, committed 7872K, reserved 1048576K
}
Event: 332.768 GC heap after
{Heap after GC invocations=208 (full 3):
 PSYoungGen      total 3072K, used 336K [0x00000000d5580000, 0x00000000d5d80000, 0x0000000100000000)
  eden space 2560K, 0% used [0x00000000d5580000,0x00000000d5580000,0x00000000d5800000)
  from space 512K, 65% used [0x00000000d5c80000,0x00000000d5cd4020,0x00000000d5d00000)
  to   space 512K, 0% used [0x00000000d5d00000,0x00000000d5d00000,0x00000000d5d80000)
 ParOldGen       total 93184K, used 92737K [0x0000000080000000, 0x0000000085b00000, 0x00000000d5580000)
  object space 93184K, 99% used [0x0000000080000000,0x0000000085a90460,0x0000000085b00000)
 Metaspace       used 63554K, committed 64832K, reserved 1114112K
  class space    used 7394K, committed 7872K, reserved 1048576K
}
Event: 3676.841 GC heap before
{Heap before GC invocations=209 (full 3):
 PSYoungGen      total 3072K, used 2896K [0x00000000d5580000, 0x00000000d5d80000, 0x0000000100000000)
  eden space 2560K, 99% used [0x00000000d5580000,0x00000000d57ffff0,0x00000000d5800000)
  from space 512K, 65% used [0x00000000d5c80000,0x00000000d5cd4020,0x00000000d5d00000)
  to   space 512K, 0% used [0x00000000d5d00000,0x00000000d5d00000,0x00000000d5d80000)
 ParOldGen       total 93184K, used 92737K [0x0000000080000000, 0x0000000085b00000, 0x00000000d5580000)
  object space 93184K, 99% used [0x0000000080000000,0x0000000085a90460,0x0000000085b00000)
 Metaspace       used 63598K, committed 64832K, reserved 1114112K
  class space    used 7394K, committed 7872K, reserved 1048576K
}
Event: 3676.944 GC heap after
{Heap after GC invocations=209 (full 3):
 PSYoungGen      total 3072K, used 128K [0x00000000d5580000, 0x00000000d5d80000, 0x0000000100000000)
  eden space 2560K, 0% used [0x00000000d5580000,0x00000000d5580000,0x00000000d5800000)
  from space 512K, 25% used [0x00000000d5d00000,0x00000000d5d20000,0x00000000d5d80000)
  to   space 512K, 0% used [0x00000000d5c80000,0x00000000d5c80000,0x00000000d5d00000)
 ParOldGen       total 93184K, used 92889K [0x0000000080000000, 0x0000000085b00000, 0x00000000d5580000)
  object space 93184K, 99% used [0x0000000080000000,0x0000000085ab6480,0x0000000085b00000)
 Metaspace       used 63598K, committed 64832K, reserved 1114112K
  class space    used 7394K, committed 7872K, reserved 1048576K
}
Event: 7534.121 GC heap before
{Heap before GC invocations=210 (full 3):
 PSYoungGen      total 3072K, used 2688K [0x00000000d5580000, 0x00000000d5d80000, 0x0000000100000000)
  eden space 2560K, 100% used [0x00000000d5580000,0x00000000d5800000,0x00000000d5800000)
  from space 512K, 25% used [0x00000000d5d00000,0x00000000d5d20000,0x00000000d5d80000)
  to   space 512K, 0% used [0x00000000d5c80000,0x00000000d5c80000,0x00000000d5d00000)
 ParOldGen       total 93184K, used 92889K [0x0000000080000000, 0x0000000085b00000, 0x00000000d5580000)
  object space 93184K, 99% used [0x0000000080000000,0x0000000085ab6480,0x0000000085b00000)
 Metaspace       used 63643K, committed 64896K, reserved 1114112K
  class space    used 7394K, committed 7872K, reserved 1048576K
}
Event: 7534.173 GC heap after
{Heap after GC invocations=210 (full 3):
 PSYoungGen      total 3072K, used 256K [0x00000000d5580000, 0x00000000d5d80000, 0x0000000100000000)
  eden space 2560K, 0% used [0x00000000d5580000,0x00000000d5580000,0x00000000d5800000)
  from space 512K, 50% used [0x00000000d5c80000,0x00000000d5cc0010,0x00000000d5d00000)
  to   space 512K, 0% used [0x00000000d5d00000,0x00000000d5d00000,0x00000000d5d80000)
 ParOldGen       total 93184K, used 92921K [0x0000000080000000, 0x0000000085b00000, 0x00000000d5580000)
  object space 93184K, 99% used [0x0000000080000000,0x0000000085abe480,0x0000000085b00000)
 Metaspace       used 63643K, committed 64896K, reserved 1114112K
  class space    used 7394K, committed 7872K, reserved 1048576K
}

